[debug] [2021-01-12T10:12:24.637Z] ----------------------------------------------------------------------
[debug] [2021-01-12T10:12:24.641Z] Command:       C:\Program Files\nodejs\node.exe C:\Users\Nats\AppData\Roaming\npm\node_modules\firebase-tools\lib\bin\firebase.js init
[debug] [2021-01-12T10:12:24.641Z] CLI Version:   9.1.2
[debug] [2021-01-12T10:12:24.642Z] Platform:      win32
[debug] [2021-01-12T10:12:24.642Z] Node Version:  v14.15.1
[debug] [2021-01-12T10:12:24.643Z] Time:          Tue Jan 12 2021 14:12:24 GMT+0400 (Gulf Standard Time)
[debug] [2021-01-12T10:12:24.644Z] ----------------------------------------------------------------------
[debug] [2021-01-12T10:12:24.644Z] 
[debug] [2021-01-12T10:12:24.648Z] >>> [apiv2][query] GET https://firebase-public.firebaseio.com/cli.json [none]
[debug] [2021-01-12T10:12:24.680Z] > command requires scopes: ["email","openid","https://www.googleapis.com/auth/cloudplatformprojects.readonly","https://www.googleapis.com/auth/firebase","https://www.googleapis.com/auth/cloud-platform"]
[debug] [2021-01-12T10:12:24.681Z] > authorizing via signed-in user
[info] 
     ######## #### ########  ######## ########     ###     ######  ########
     ##        ##  ##     ## ##       ##     ##  ##   ##  ##       ##
     ######    ##  ########  ######   ########  #########  ######  ######
     ##        ##  ##    ##  ##       ##     ## ##     ##       ## ##
     ##       #### ##     ## ######## ########  ##     ##  ######  ########

You're about to initialize a Firebase project in this directory:

  C:\Users\Nats\Desktop\westzone-clone

[debug] [2021-01-12T10:12:25.540Z] <<< [apiv2][status] GET https://firebase-public.firebaseio.com/cli.json 200
[debug] [2021-01-12T10:12:25.541Z] <<< [apiv2][body] GET https://firebase-public.firebaseio.com/cli.json {"cloudBuildErrorAfter":1594252800000,"cloudBuildWarnAfter":1590019200000,"defaultNode10After":1594252800000,"minVersion":"3.0.5","node8DeploysDisabledAfter":1613390400000,"node8RuntimeDisabledAfter":1615809600000,"node8WarnAfter":1600128000000}
